<?xml version="1.0" encoding="UTF-8"?>
<Site BuildName="(empty)"
	BuildStamp="20240620-0817-Experimental"
	Name="jakob-desktop"
	Generator="ctest-3.25.0"
	CompilerName="/usr/bin/c++"
	CompilerVersion="9.4.0"
	OSName="Linux"
	Hostname="jakob-desktop"
	OSRelease="5.15.0-105-generic"
	OSVersion="#115~20.04.1-Ubuntu SMP Mon Apr 15 17:33:04 UTC 2024"
	OSPlatform="x86_64"
	Is64Bits="1"
	VendorString="AuthenticAMD"
	VendorID="Advanced Micro Devices"
	FamilyID="25"
	ModelID="33"
	ProcessorCacheSize="512"
	NumberOfLogicalCPU="12"
	NumberOfPhysicalCPU="6"
	TotalVirtualMemory="2047"
	TotalPhysicalMemory="15909"
	LogicalProcessorsPerPhysical="2"
	ProcessorClockFrequency="4387.52"
	>
	<Testing>
		<StartDateTime>Jun 20 17:17 KST</StartDateTime>
		<StartTestTime>1718871473</StartTestTime>
		<TestList/>
		<EndDateTime>Jun 20 17:17 KST</EndDateTime>
		<EndTestTime>1718871473</EndTestTime>
		<ElapsedMinutes>0</ElapsedMinutes>
	</Testing>
</Site>
