<?xml version="1.0" encoding="UTF-8"?>
<Site BuildName="(empty)"
	BuildStamp="20240628-0626-Experimental"
	Name="jakob-desktop"
	Generator="ctest-3.25.0"
	CompilerName="/usr/bin/c++"
	CompilerVersion="9.4.0"
	OSName="Linux"
	Hostname="jakob-desktop"
	OSRelease="5.15.0-113-generic"
	OSVersion="#123~20.04.1-Ubuntu SMP Wed Jun 12 17:33:13 UTC 2024"
	OSPlatform="x86_64"
	Is64Bits="1"
	VendorString="AuthenticAMD"
	VendorID="Advanced Micro Devices"
	FamilyID="25"
	ModelID="33"
	ProcessorCacheSize="512"
	NumberOfLogicalCPU="12"
	NumberOfPhysicalCPU="6"
	TotalVirtualMemory="2047"
	TotalPhysicalMemory="15909"
	LogicalProcessorsPerPhysical="2"
	ProcessorClockFrequency="4525.29"
	>
	<Testing>
		<StartDateTime>Jun 28 16:18 KST</StartDateTime>
		<StartTestTime>1719559094</StartTestTime>
		<TestList/>
		<EndDateTime>Jun 28 16:18 KST</EndDateTime>
		<EndTestTime>1719559094</EndTestTime>
		<ElapsedMinutes>0</ElapsedMinutes>
	</Testing>
</Site>
